  [1m[36mSQL (1.0ms)[0m  [1m SELECT name
 FROM sqlite_master
 WHERE type = 'table' AND NOT name = 'sqlite_sequence'
[0m
  [1m[35mSQL (0.0ms)[0m  select sqlite_version(*)
  [1m[36mSQL (284.0ms)[0m  [1mCREATE TABLE "schema_migrations" ("version" varchar(255) NOT NULL) [0m
  [1m[35mSQL (0.0ms)[0m  PRAGMA index_list("schema_migrations")
  [1m[36mSQL (90.0ms)[0m  [1mCREATE UNIQUE INDEX "unique_schema_migrations" ON "schema_migrations" ("version")[0m
  [1m[35mSQL (1.0ms)[0m   SELECT name
 FROM sqlite_master
 WHERE type = 'table' AND NOT name = 'sqlite_sequence'
  [1m[36mSQL (1.0ms)[0m  [1m SELECT name
 FROM sqlite_master
 WHERE type = 'table' AND NOT name = 'sqlite_sequence'
[0m
  [1m[35mSQL (0.0ms)[0m  SELECT "schema_migrations"."version" FROM "schema_migrations"
Migrating to CreateUsers (20110615145648)
  [1m[36mSQL (2.0ms)[0m  [1mCREATE TABLE "users" ("id" INTEGER PRIMARY KEY AUTOINCREMENT NOT NULL, "name" varchar(255), "email" varchar(255), "fuid" integer, "created_at" datetime, "updated_at" datetime) [0m
  [1m[35mSQL (0.0ms)[0m  INSERT INTO "schema_migrations" ("version") VALUES ('20110615145648')
Migrating to CreateComments (20110615145850)
  [1m[36mSQL (4.0ms)[0m  [1mCREATE TABLE "comments" ("id" INTEGER PRIMARY KEY AUTOINCREMENT NOT NULL, "body" text, "created_at" datetime, "updated_at" datetime) [0m
  [1m[35mSQL (0.0ms)[0m  INSERT INTO "schema_migrations" ("version") VALUES ('20110615145850')
Migrating to CreateRates (20110615150029)
  [1m[36mSQL (2.0ms)[0m  [1mCREATE TABLE "rates" ("id" INTEGER PRIMARY KEY AUTOINCREMENT NOT NULL, "rating" integer, "created_at" datetime, "updated_at" datetime) [0m
  [1m[35mSQL (0.0ms)[0m  INSERT INTO "schema_migrations" ("version") VALUES ('20110615150029')
  [1m[36mSQL (0.0ms)[0m  [1m SELECT name
 FROM sqlite_master
 WHERE type = 'table' AND NOT name = 'sqlite_sequence'
[0m
  [1m[35mSQL (1.0ms)[0m  SELECT "schema_migrations"."version" FROM "schema_migrations"
  [1m[36mSQL (0.0ms)[0m  [1m SELECT name
 FROM sqlite_master
 WHERE type = 'table' AND NOT name = 'sqlite_sequence'
[0m
  [1m[35mSQL (0.0ms)[0m  PRAGMA index_list("comments")
  [1m[36mSQL (0.0ms)[0m  [1mPRAGMA index_list("rates")[0m
  [1m[35mSQL (0.0ms)[0m  PRAGMA index_list("users")
  [1m[36mSQL (1.0ms)[0m  [1m SELECT name
 FROM sqlite_master
 WHERE type = 'table' AND NOT name = 'sqlite_sequence'
[0m
  [1m[35mSQL (1.0ms)[0m   SELECT name
 FROM sqlite_master
 WHERE type = 'table' AND NOT name = 'sqlite_sequence'
  [1m[36mSQL (0.0ms)[0m  [1mSELECT "schema_migrations"."version" FROM "schema_migrations"[0m
Migrating to CreateUsers (20110615145648)
Migrating to CreateComments (20110615145850)
Migrating to CreateRates (20110615150029)
Migrating to CreateDevelopers (20110615150903)
  [1m[35mSQL (0.0ms)[0m  select sqlite_version(*)
  [1m[36mSQL (2.0ms)[0m  [1mCREATE TABLE "developers" ("id" INTEGER PRIMARY KEY AUTOINCREMENT NOT NULL, "is_developer" boolean, "created_at" datetime, "updated_at" datetime) [0m
  [1m[35mSQL (0.0ms)[0m  INSERT INTO "schema_migrations" ("version") VALUES ('20110615150903')
Migrating to CreateApplications (20110615151029)
  [1m[36mSQL (2.0ms)[0m  [1mCREATE TABLE "applications" ("id" INTEGER PRIMARY KEY AUTOINCREMENT NOT NULL, "app_name" varchar(255), "app_description" text, "app_rating" decimal, "created_at" datetime, "updated_at" datetime) [0m
  [1m[35mSQL (0.0ms)[0m  INSERT INTO "schema_migrations" ("version") VALUES ('20110615151029')
Migrating to CreateAppDevProfiles (20110615151523)
  [1m[36mSQL (2.0ms)[0m  [1mCREATE TABLE "app_dev_profiles" ("id" INTEGER PRIMARY KEY AUTOINCREMENT NOT NULL, "api_key" varchar(255), "api_secret" varchar(255), "icon_link" varchar(255), "logo_link" varchar(255), "language" varchar(255), "support_email" varchar(255), "contact_email" varchar(255), "privacy_link" varchar(255), "terms_of_use_link" varchar(255), "site_url" varchar(255), "site_domain" varchar(255), "created_at" datetime, "updated_at" datetime) [0m
  [1m[35mSQL (0.0ms)[0m  INSERT INTO "schema_migrations" ("version") VALUES ('20110615151523')
  [1m[36mSQL (1.0ms)[0m  [1m SELECT name
 FROM sqlite_master
 WHERE type = 'table' AND NOT name = 'sqlite_sequence'
[0m
  [1m[35mSQL (0.0ms)[0m  SELECT "schema_migrations"."version" FROM "schema_migrations"
  [1m[36mSQL (0.0ms)[0m  [1m SELECT name
 FROM sqlite_master
 WHERE type = 'table' AND NOT name = 'sqlite_sequence'
[0m
  [1m[35mSQL (0.0ms)[0m  PRAGMA index_list("app_dev_profiles")
  [1m[36mSQL (0.0ms)[0m  [1mPRAGMA index_list("applications")[0m
  [1m[35mSQL (0.0ms)[0m  PRAGMA index_list("comments")
  [1m[36mSQL (0.0ms)[0m  [1mPRAGMA index_list("developers")[0m
  [1m[35mSQL (0.0ms)[0m  PRAGMA index_list("rates")
  [1m[36mSQL (0.0ms)[0m  [1mPRAGMA index_list("users")[0m
  [1m[36mSQL (2.0ms)[0m  [1m SELECT name
 FROM sqlite_master
 WHERE type = 'table' AND NOT name = 'sqlite_sequence'
[0m
  [1m[35mSQL (1.0ms)[0m   SELECT name
 FROM sqlite_master
 WHERE type = 'table' AND NOT name = 'sqlite_sequence'
  [1m[36mSQL (1.0ms)[0m  [1mSELECT "schema_migrations"."version" FROM "schema_migrations"[0m
Migrating to CreateUsers (20110615145648)
Migrating to CreateComments (20110615145850)
Migrating to CreateRates (20110615150029)
Migrating to CreateDevelopers (20110615150903)
Migrating to CreateApplications (20110615151029)
Migrating to CreateAppDevProfiles (20110615151523)
Migrating to CreatePermissions (20110615152457)
  [1m[35mSQL (0.0ms)[0m  select sqlite_version(*)
  [1m[36mSQL (3.0ms)[0m  [1mCREATE TABLE "permissions" ("id" INTEGER PRIMARY KEY AUTOINCREMENT NOT NULL, "user_about_me" blob, "friends_about_me" blob, "user_activities" blob, "friends_activities" blob, "user_birthday" blob, "friends_birthday" blob, "user_checkins" blob, "friends_checkins" blob, "user_education_history" blob, "friends_education_history" blob, "user_events" blob, "friends_events" blob, "user_groups" blob, "friends_groups" blob, "user_hometown" blob, "friends_hometown" blob, "user_interests" blob, "friends_interests" blob, "user_likes" blob, "friends_likes" blob, "user_location" blob, "friends_location" blob, "user_notes" blob, "friends_notes" blob, "user_online_presence" blob, "friends_online_presence" blob, "user_photo_video_tags" blob, "friends_photo_video_tags" blob, "user_photos" blob, "friends_photos" blob, "user_relationships" blob, "friends_relationships" blob, "user_relationship_details" blob, "friends_relationship_details" blob, "user_religion_politics" blob, "friends_religion_politics" blob, "user_status" blob, "friends_status" blob, "user_videos" blob, "friends_videos" blob, "user_website" blob, "friends_website" blob, "user_work_history" blob, "friends_work_history" blob, "email" blob, "read_friendlists" blob, "read_insights" blob, "read_mailbox" blob, "read_requests" blob, "read_stream" blob, "xmpp_login" blob, "ads_management" blob, "publish_stream" blob, "create_event" blob, "rsvp_event" blob, "sms" blob, "offline_access" blob, "publish_checkins" blob, "manage_friendlists" blob, "manage_pages" blob, "created_at" datetime, "updated_at" datetime) [0m
  [1m[35mSQL (0.0ms)[0m  INSERT INTO "schema_migrations" ("version") VALUES ('20110615152457')
  [1m[36mSQL (0.0ms)[0m  [1m SELECT name
 FROM sqlite_master
 WHERE type = 'table' AND NOT name = 'sqlite_sequence'
[0m
  [1m[35mSQL (0.0ms)[0m  SELECT "schema_migrations"."version" FROM "schema_migrations"
  [1m[36mSQL (0.0ms)[0m  [1m SELECT name
 FROM sqlite_master
 WHERE type = 'table' AND NOT name = 'sqlite_sequence'
[0m
  [1m[35mSQL (0.0ms)[0m  PRAGMA index_list("app_dev_profiles")
  [1m[36mSQL (0.0ms)[0m  [1mPRAGMA index_list("applications")[0m
  [1m[35mSQL (0.0ms)[0m  PRAGMA index_list("comments")
  [1m[36mSQL (0.0ms)[0m  [1mPRAGMA index_list("developers")[0m
  [1m[35mSQL (1.0ms)[0m  PRAGMA index_list("permissions")
  [1m[36mSQL (0.0ms)[0m  [1mPRAGMA index_list("rates")[0m
  [1m[35mSQL (0.0ms)[0m  PRAGMA index_list("users")
  [1m[36mSQL (2.0ms)[0m  [1m SELECT name
 FROM sqlite_master
 WHERE type = 'table' AND NOT name = 'sqlite_sequence'
[0m
  [1m[35mSQL (0.0ms)[0m   SELECT name
 FROM sqlite_master
 WHERE type = 'table' AND NOT name = 'sqlite_sequence'
  [1m[36mSQL (1.0ms)[0m  [1mSELECT "schema_migrations"."version" FROM "schema_migrations"[0m
Migrating to CreateUsers (20110615145648)
Migrating to CreateComments (20110615145850)
Migrating to CreateRates (20110615150029)
Migrating to CreateDevelopers (20110615150903)
Migrating to CreateApplications (20110615151029)
Migrating to CreateAppDevProfiles (20110615151523)
Migrating to CreatePermissions (20110615152457)
  [1m[35mSQL (0.0ms)[0m  select sqlite_version(*)
  [1m[36mSQL (1.0ms)[0m  [1m SELECT name
 FROM sqlite_master
 WHERE type = 'table' AND NOT name = 'sqlite_sequence'
[0m
  [1m[35mSQL (0.0ms)[0m  SELECT "schema_migrations"."version" FROM "schema_migrations"
  [1m[36mSQL (1.0ms)[0m  [1m SELECT name
 FROM sqlite_master
 WHERE type = 'table' AND NOT name = 'sqlite_sequence'
[0m
  [1m[35mSQL (0.0ms)[0m  PRAGMA index_list("app_dev_profiles")
  [1m[36mSQL (0.0ms)[0m  [1mPRAGMA index_list("applications")[0m
  [1m[35mSQL (0.0ms)[0m  PRAGMA index_list("comments")
  [1m[36mSQL (0.0ms)[0m  [1mPRAGMA index_list("developers")[0m
  [1m[35mSQL (0.0ms)[0m  PRAGMA index_list("permissions")
  [1m[36mSQL (0.0ms)[0m  [1mPRAGMA index_list("rates")[0m
  [1m[35mSQL (0.0ms)[0m  PRAGMA index_list("users")
